<?xml version="1.0" encoding="UTF-8"?>
<!-- Generated by org.testng.reporters.JUnitReportReporter -->
<testsuite hostname="theVikas" failures="0" tests="1" name="testCases.TC_E4" time="4.232" errors="0" timestamp="2025-09-14T02:27:42 GMT-04:00" skipped="0">
  <testcase classname="testCases.TC_E4" name="formsPages" time="4.232"/>
</testsuite> <!-- testCases.TC_E4 -->
