<?xml version="1.0" encoding="UTF-8"?>
<!-- Generated by org.testng.reporters.JUnitReportReporter -->
<testsuite hostname="theVikas" failures="0" tests="1" name="testCases.TC_A4" time="0.953" errors="0" timestamp="2025-09-17T20:36:12 GMT-04:00" skipped="0">
  <testcase classname="testCases.TC_A4" name="frame" time="0.953"/>
</testsuite> <!-- testCases.TC_A4 -->
