<?xml version="1.0" encoding="UTF-8"?>
<!-- Generated by org.testng.reporters.JUnitReportReporter -->
<testsuite hostname="theVikas" failures="0" tests="1" name="testCases.TC_A3" time="0.533" errors="0" timestamp="2025-09-15T19:56:32 GMT-04:00" skipped="0">
  <testcase classname="testCases.TC_A3" name="promtAlertBtn" time="0.533"/>
</testsuite> <!-- testCases.TC_A3 -->
