<?xml version="1.0" encoding="UTF-8"?>
<!-- Generated by org.testng.reporters.JUnitReportReporter -->
<testsuite hostname="theVikas" failures="0" tests="1" name="testCases.TC_W1" time="9.207" errors="0" timestamp="2025-09-19T17:23:23 GMT-04:00" skipped="0">
  <testcase classname="testCases.TC_W1" name="datePicker" time="9.207"/>
</testsuite> <!-- testCases.TC_W1 -->
