<?xml version="1.0" encoding="UTF-8"?>
<!-- Generated by org.testng.reporters.JUnitReportReporter -->
<testsuite hostname="theVikas" failures="0" tests="1" name="testCases.TC_E1" time="3.420" errors="0" timestamp="2025-09-10T18:01:37 GMT-04:00" skipped="0">
  <testcase classname="testCases.TC_E1" name="elemntSelection" time="3.420"/>
</testsuite> <!-- testCases.TC_E1 -->
