<?xml version="1.0" encoding="UTF-8"?>
<!-- Generated by org.testng.reporters.JUnitReportReporter -->
<testsuite hostname="theVikas" failures="0" tests="1" name="testCases.TC_E2" time="1.074" errors="0" timestamp="2025-09-10T18:19:35 GMT-04:00" skipped="0">
  <testcase classname="testCases.TC_E2" name="chkSelection" time="1.074"/>
</testsuite> <!-- testCases.TC_E2 -->
