<?xml version="1.0" encoding="UTF-8"?>
<!-- Generated by org.testng.reporters.JUnitReportReporter -->
<testsuite hostname="theVikas" failures="0" tests="1" name="testCases.TC_W2" time="1.702" errors="0" timestamp="2025-09-21T23:43:55 GMT-04:00" skipped="0">
  <testcase classname="testCases.TC_W2" name="sliderAction" time="1.702"/>
</testsuite> <!-- testCases.TC_W2 -->
