<?xml version="1.0" encoding="UTF-8"?>
<!-- Generated by org.testng.reporters.JUnitReportReporter -->
<testsuite hostname="theVikas" failures="0" tests="2" name="testCases.TC_W4" time="24.624" errors="0" timestamp="2025-09-24T21:16:16 GMT-04:00" skipped="0">
  <testcase classname="testCases.TC_W4" name="progressBar" time="13.762"/>
  <testcase classname="testCases.TC_W4" name="progressBar" time="10.862"/>
</testsuite> <!-- testCases.TC_W4 -->
