<?xml version="1.0" encoding="UTF-8"?>
<!-- Generated by org.testng.reporters.JUnitReportReporter -->
<testsuite hostname="theVikas" failures="0" tests="1" name="testCases.TC_A5" time="0.858" errors="0" timestamp="2025-09-17T21:08:50 GMT-04:00" skipped="0">
  <testcase classname="testCases.TC_A5" name="windows" time="0.858"/>
</testsuite> <!-- testCases.TC_A5 -->
