<?xml version="1.0" encoding="UTF-8"?>
<!-- Generated by org.testng.reporters.JUnitReportReporter -->
<testsuite hostname="theVikas" failures="0" tests="2" name="testCases.TC_W1" time="13.432" errors="0" timestamp="2025-09-24T21:16:16 GMT-04:00" skipped="0">
  <testcase classname="testCases.TC_W1" name="datePicker" time="12.662"/>
  <testcase classname="testCases.TC_W1" name="datePicker" time="0.770"/>
</testsuite> <!-- testCases.TC_W1 -->
