<?xml version="1.0" encoding="UTF-8"?>
<!-- Generated by org.testng.reporters.JUnitReportReporter -->
<testsuite hostname="theVikas" failures="0" tests="1" name="testCases.TC_W3" time="4.627" errors="0" timestamp="2025-09-24T21:16:16 GMT-04:00" skipped="0">
  <testcase classname="testCases.TC_W3" name="autoComplete" time="4.627"/>
</testsuite> <!-- testCases.TC_W3 -->
