<?xml version="1.0" encoding="UTF-8"?>
<!-- Generated by org.testng.reporters.JUnitReportReporter -->
<testsuite hostname="theVikas" failures="0" tests="1" name="testCases.TC_W4" time="10.955" errors="0" timestamp="2025-09-22T13:56:51 GMT-04:00" skipped="0">
  <testcase classname="testCases.TC_W4" name="progressBar" time="10.955"/>
</testsuite> <!-- testCases.TC_W4 -->
