<?xml version="1.0" encoding="UTF-8"?>
<!-- Generated by org.testng.reporters.JUnitReportReporter -->
<testsuite hostname="theVikas" failures="0" tests="2" name="testCases.TC_W2" time="2.722" errors="0" timestamp="2025-09-24T21:16:16 GMT-04:00" skipped="0">
  <testcase classname="testCases.TC_W2" name="sliderAction" time="2.482"/>
  <testcase classname="testCases.TC_W2" name="sliderAction" time="0.240"/>
</testsuite> <!-- testCases.TC_W2 -->
