<?xml version="1.0" encoding="UTF-8"?>
<!-- Generated by org.testng.reporters.JUnitReportReporter -->
<testsuite hostname="theVikas" failures="0" tests="1" name="testCases.TC_A2" time="0.505" errors="0" timestamp="2025-09-15T19:52:13 GMT-04:00" skipped="0">
  <testcase classname="testCases.TC_A2" name="confirmAlertBtn" time="0.505"/>
</testsuite> <!-- testCases.TC_A2 -->
